[datetime.datetime(2021, 4, 27, 0, 11, 31, 125544), 47.71556493792568, 137.2245792939175]
[I 210427 00:12:17 main:60] iteration 1
[datetime.datetime(2021, 4, 27, 0, 12, 17, 768822), 46.49905019013846, 141.01727405699884]
[I 210427 00:13:03 main:60] iteration 2
[datetime.datetime(2021, 4, 27, 0, 13, 4, 426137), 45.11956712875474, 144.70262556708428]
[I 210427 00:13:50 main:60] iteration 3
[datetime.datetime(2021, 4, 27, 0, 13, 51, 36924), 43.61484230365508, 148.1964722332209]
[I 210427 00:14:37 main:60] iteration 4
[datetime.datetime(2021, 4, 27, 0, 14, 37, 670881), 42.03273826544835, 151.43497910742576]
[I 210427 00:15:23 main:60] iteration 5
[datetime.datetime(2021, 4, 27, 0, 15, 24, 306975), 40.315918991146866, 154.5665115588499]
[I 210427 00:16:10 main:60] iteration 6
[datetime.datetime(2021, 4, 27, 0, 16, 10, 937775), 38.547787920705666, 157.46723825784093]
[I 210427 00:16:56 main:60] iteration 7
[datetime.datetime(2021, 4, 27, 0, 16, 57, 541412), 36.661252105907714, 160.27432306331113]
[I 210427 00:17:43 main:60] iteration 8
[datetime.datetime(2021, 4, 27, 0, 17, 44, 178293), 34.70289685198707, 162.9348183488145]
[I 210427 00:18:30 main:60] iteration 9
[datetime.datetime(2021, 4, 27, 0, 18, 30, 778249), 32.724563294744144, 165.40846697938298]
[I 210427 00:19:16 main:60] iteration 10
[datetime.datetime(2021, 4, 27, 0, 19, 17, 410817), 30.64752667380536, 167.81463334095176]
[I 210427 00:20:03 main:60] iteration 11
[datetime.datetime(2021, 4, 27, 0, 20, 4, 54522), 28.520824332316828, 170.10983644926452]
[I 210427 00:20:50 main:60] iteration 12
[datetime.datetime(2021, 4, 27, 0, 20, 50, 675166), 26.39706409481328, 172.2595701886343]
[I 210427 00:21:36 main:60] iteration 13
[datetime.datetime(2021, 4, 27, 0, 21, 37, 308673), 24.189237889005216, 174.3677490570938]
[I 210427 00:22:23 main:60] iteration 14
[datetime.datetime(2021, 4, 27, 0, 22, 23, 938362), 21.9959787691495, 176.354309577192]
[I 210427 00:23:09 main:60] iteration 15
[datetime.datetime(2021, 4, 27, 0, 23, 10, 569268), 19.726294955123212, 178.31495635957916]
[I 210427 00:23:56 main:60] iteration 16
[datetime.datetime(2021, 4, 27, 0, 23, 57, 169086), 17.431588743072588, -179.78533216334284]
[I 210427 00:24:43 main:60] iteration 17
[datetime.datetime(2021, 4, 27, 0, 24, 43, 798319), 15.165050231159093, -177.97693029755524]
[I 210427 00:25:29 main:60] iteration 18
[datetime.datetime(2021, 4, 27, 0, 25, 30, 428126), 12.831510124808712, -176.17333688494332]
[I 210427 00:26:16 main:60] iteration 19
[datetime.datetime(2021, 4, 27, 0, 26, 17, 25708), 10.483221932492983, -174.40679041838956]
[I 210427 00:27:03 main:60] iteration 20
[datetime.datetime(2021, 4, 27, 0, 27, 3, 692521), 8.173502110873022, -172.70672901321672]
[I 210427 00:27:49 main:60] iteration 21
[datetime.datetime(2021, 4, 27, 0, 27, 50, 290184), 5.8047250585945465, -170.9923515315435]
[I 210427 00:28:36 main:60] iteration 22
[datetime.datetime(2021, 4, 27, 0, 28, 36, 886946), 3.4802953573799056, -169.33012937437252]
[I 210427 00:29:22 main:60] iteration 23
[datetime.datetime(2021, 4, 27, 0, 29, 23, 518306), 1.1017510278666056, -167.64131046057352]
[I 210427 00:30:09 main:60] iteration 24
[datetime.datetime(2021, 4, 27, 0, 30, 10, 115136), -1.2778357592687675, -165.95561977341438]
[I 210427 00:30:56 main:60] iteration 25
[datetime.datetime(2021, 4, 27, 0, 30, 56, 745630), -3.605320476033108, -164.3025773904879]
[I 210427 00:31:42 main:60] iteration 26
[datetime.datetime(2021, 4, 27, 0, 31, 43, 341786), -5.979346528688739, -162.60388202314903]
[I 210427 00:32:29 main:60] iteration 27
[datetime.datetime(2021, 4, 27, 0, 32, 29, 973184), -8.296366114984151, -160.9254996384018]
[I 210427 00:33:16 main:60] iteration 28
[datetime.datetime(2021, 4, 27, 0, 33, 16, 604884), -10.654440260833216, -159.18779023052383]
[I 210427 00:34:02 main:60] iteration 29
[datetime.datetime(2021, 4, 27, 0, 34, 3, 269304), -13.000275561463265, -157.42006897143284]
[I 210427 00:34:49 main:60] iteration 30
[datetime.datetime(2021, 4, 27, 0, 34, 49, 866902), -15.281465682920082, -155.65389133509427]
[I 210427 00:35:35 main:60] iteration 31
[datetime.datetime(2021, 4, 27, 0, 35, 36, 466772), -17.594056745312386, -153.80501376828516]
[I 210427 00:36:22 main:60] iteration 32
[datetime.datetime(2021, 4, 27, 0, 36, 23, 94420), -19.88485779670506, -151.9034071410836]
[I 210427 00:37:09 main:60] iteration 33
[datetime.datetime(2021, 4, 27, 0, 37, 9, 724839), -22.102247974898432, -149.9830994559345]
[I 210427 00:37:55 main:60] iteration 34
[datetime.datetime(2021, 4, 27, 0, 37, 56, 321192), -24.338660229930294, -147.95178753639436]
[I 210427 00:38:42 main:60] iteration 35
[datetime.datetime(2021, 4, 27, 0, 38, 42, 918399), -26.49468628107298, -145.88687108613777]
[I 210427 00:39:28 main:60] iteration 36
[datetime.datetime(2021, 4, 27, 0, 39, 29, 550115), -28.65926202150923, -143.6886566640392]
[I 210427 00:40:15 main:60] iteration 37
[datetime.datetime(2021, 4, 27, 0, 40, 16, 179484), -30.779731815380124, -141.39055755551837]
[I 210427 00:41:02 main:60] iteration 38
[datetime.datetime(2021, 4, 27, 0, 41, 2, 844255), -32.80660752705433, -139.0338827446755]
[I 210427 00:41:48 main:60] iteration 39
[datetime.datetime(2021, 4, 27, 0, 41, 49, 442042), -34.821468935978494, -136.5047319969115]
[I 210427 00:42:34 main:60] iteration 40
[datetime.datetime(2021, 4, 27, 0, 42, 35, 401696), -36.73152450718339, -133.89931535687512]
[I 210427 00:43:21 main:60] iteration 41
[datetime.datetime(2021, 4, 27, 0, 43, 22, 35777), -38.6117833781341, -131.0924900985934]
[I 210427 00:44:08 main:60] iteration 42
[datetime.datetime(2021, 4, 27, 0, 44, 8, 619256), -40.37361359906597, -128.192432758141]
[I 210427 00:44:54 main:60] iteration 43
[datetime.datetime(2021, 4, 27, 0, 44, 55, 225526), -42.08389296723716, -125.06215706152415]
[I 210427 00:45:41 main:60] iteration 44
[datetime.datetime(2021, 4, 27, 0, 45, 41, 874924), -43.65956296724574, -121.82556264028689]
[I 210427 00:46:27 main:60] iteration 45
[datetime.datetime(2021, 4, 27, 0, 46, 28, 477992), -45.157758131498866, -118.33447537057495]
[I 210427 00:47:14 main:60] iteration 46
[datetime.datetime(2021, 4, 27, 0, 47, 15, 84468), -46.530848135819454, -114.65288046453301]
[I 210427 00:48:01 main:60] iteration 47
[datetime.datetime(2021, 4, 27, 0, 48, 1, 711714), -47.74133865675872, -110.86492585273565]
[I 210427 00:48:47 main:60] iteration 48
[datetime.datetime(2021, 4, 27, 0, 48, 48, 342923), -48.82920679152875, -106.81100367465798]
[I 210427 00:49:34 main:60] iteration 49
[datetime.datetime(2021, 4, 27, 0, 49, 34, 978946), -49.736129554806794, -102.6746547736766]
[I 210427 00:50:21 main:60] iteration 50
[datetime.datetime(2021, 4, 27, 0, 50, 21, 586765), -50.48994338255525, -98.29435883629904]
[I 210427 00:51:07 main:60] iteration 51
[datetime.datetime(2021, 4, 27, 0, 51, 8, 228148), -51.0587410460664, -93.78424832355621]
[I 210427 00:51:54 main:60] iteration 52
[datetime.datetime(2021, 4, 27, 0, 51, 54, 894223), -51.428213299029075, -89.27603660340266]
[I 210427 00:52:40 main:60] iteration 53
[datetime.datetime(2021, 4, 27, 0, 52, 41, 510326), -51.60868397237373, -84.61155015503921]
[I 210427 00:53:27 main:60] iteration 54
[datetime.datetime(2021, 4, 27, 0, 53, 28, 119203), -51.58717229158278, -79.93001555450742]
[I 210427 00:54:14 main:60] iteration 55
[datetime.datetime(2021, 4, 27, 0, 54, 14, 760621), -51.370846540190136, -75.37310458557167]
[I 210427 00:55:00 main:60] iteration 56
[datetime.datetime(2021, 4, 27, 0, 55, 1, 377827), -50.953733717766625, -70.78355214259243]
[I 210427 00:55:47 main:60] iteration 57
[datetime.datetime(2021, 4, 27, 0, 55, 47, 980469), -50.35968825998852, -66.39247816670459]
[I 210427 00:56:33 main:60] iteration 58
[datetime.datetime(2021, 4, 27, 0, 56, 34, 556979), -49.571566392039095, -62.04003574076235]
[I 210427 00:57:20 main:60] iteration 59
[datetime.datetime(2021, 4, 27, 0, 57, 21, 163925), -48.610985662641426, -57.847508533857614]
[I 210427 00:58:07 main:60] iteration 60
[datetime.datetime(2021, 4, 27, 0, 58, 7, 805879), -47.5153959990147, -53.91560768530222]
[I 210427 00:58:53 main:60] iteration 61
[datetime.datetime(2021, 4, 27, 0, 58, 54, 415132), -46.249639002406276, -50.08337295711566]
[I 210427 00:59:40 main:60] iteration 62
[datetime.datetime(2021, 4, 27, 0, 59, 41, 57132), -44.84873988287998, -46.44220594077103]
[I 210427 01:00:27 main:60] iteration 63
[datetime.datetime(2021, 4, 27, 1, 0, 27, 695355), -43.358966341873476, -43.06240977339528]
[I 210427 01:01:13 main:60] iteration 64
[datetime.datetime(2021, 4, 27, 1, 1, 14, 333200), -41.727459545400045, -39.79194444406392]
[I 210427 01:02:00 main:60] iteration 65
[datetime.datetime(2021, 4, 27, 1, 2, 0, 967870), -40.03455276338278, -36.76225352825927]
[I 210427 01:02:46 main:60] iteration 66
[datetime.datetime(2021, 4, 27, 1, 2, 47, 573899), -38.21704967052614, -33.831706223351944]
[I 210427 01:03:33 main:60] iteration 67
[datetime.datetime(2021, 4, 27, 1, 3, 34, 176796), -36.320452987080756, -31.05673355226458]
[I 210427 01:04:20 main:60] iteration 68
[datetime.datetime(2021, 4, 27, 1, 4, 20, 815974), -34.39613256579429, -28.48000541428954]
[I 210427 01:05:06 main:60] iteration 69
[datetime.datetime(2021, 4, 27, 1, 5, 7, 421252), -32.36829379744711, -25.977644375997603]
[I 210427 01:05:53 main:60] iteration 70
[datetime.datetime(2021, 4, 27, 1, 5, 54, 30023), -30.28527051570081, -23.595241950098597]
[I 210427 01:06:40 main:60] iteration 71
[datetime.datetime(2021, 4, 27, 1, 6, 40, 634437), -28.1994024601652, -21.36858491274881]
[I 210427 01:07:26 main:60] iteration 72
[datetime.datetime(2021, 4, 27, 1, 7, 27, 307579), -26.02575622851117, -19.18999362413569]
[I 210427 01:08:13 main:60] iteration 73
[datetime.datetime(2021, 4, 27, 1, 8, 13, 914812), -23.86188399755943, -17.142144109067665]
[I 210427 01:08:59 main:60] iteration 74
[datetime.datetime(2021, 4, 27, 1, 9, 0, 554693), -21.61841103447307, -15.126237681200495]
[I 210427 01:09:46 main:60] iteration 75
[datetime.datetime(2021, 4, 27, 1, 9, 47, 163203), -19.346346899521038, -13.178309564821525]
[I 210427 01:10:33 main:60] iteration 76
[datetime.datetime(2021, 4, 27, 1, 10, 33, 769413), -17.09876216255433, -11.329156229124695]
[I 210427 01:11:19 main:60] iteration 77
[datetime.datetime(2021, 4, 27, 1, 11, 20, 411255), -14.781518033789952, -9.490184144159414]
[I 210427 01:12:06 main:60] iteration 78
[datetime.datetime(2021, 4, 27, 1, 12, 7, 62032), -12.446601644321815, -7.694283232100234]
[I 210427 01:12:53 main:60] iteration 79
[datetime.datetime(2021, 4, 27, 1, 12, 53, 660283), -10.147279078165905, -5.971067485641037]
[I 210427 01:13:39 main:60] iteration 80
[datetime.datetime(2021, 4, 27, 1, 13, 40, 301945), -7.786490785895406, -4.238538776248528]
[I 210427 01:14:26 main:60] iteration 81
[datetime.datetime(2021, 4, 27, 1, 14, 26, 942118), -5.467384576808556, -2.563795601668442]
[I 210427 01:15:12 main:60] iteration 82
[datetime.datetime(2021, 4, 27, 1, 15, 13, 583837), -3.091792489842288, -0.8673988597895643]
[I 210427 01:15:59 main:60] iteration 83
[datetime.datetime(2021, 4, 27, 1, 16, 0, 190604), -0.7126799739674075, 0.8206432800739181]
[I 210427 01:16:46 main:60] iteration 84
[datetime.datetime(2021, 4, 27, 1, 16, 46, 831212), 1.616728294821938, 2.470956041931632]
[I 210427 01:17:32 main:60] iteration 85
[datetime.datetime(2021, 4, 27, 1, 17, 33, 474053), 3.9951705983845107, 4.161687195254837]
[I 210427 01:18:19 main:60] iteration 86
[datetime.datetime(2021, 4, 27, 1, 18, 20, 88889), 6.3694002760547725, 5.863518900083193]
[I 210427 01:19:06 main:60] iteration 87
[datetime.datetime(2021, 4, 27, 1, 19, 6, 733066), 8.68647236942943, 7.5462926695799215]
[I 210427 01:19:52 main:60] iteration 88
[datetime.datetime(2021, 4, 27, 1, 19, 53, 365542), 11.044421864326141, 9.289879455238681]
[I 210427 01:20:39 main:60] iteration 89
[datetime.datetime(2021, 4, 27, 1, 20, 40, 6297), 13.389913094176752, 11.064961096934017]
[I 210427 01:21:26 main:60] iteration 90
[datetime.datetime(2021, 4, 27, 1, 21, 26, 615099), 15.670509842949425, 12.839834417859667]
[I 210427 01:22:12 main:60] iteration 91
[datetime.datetime(2021, 4, 27, 1, 22, 13, 256896), 17.9821737071619, 14.699224499575054]
[I 210427 01:22:59 main:60] iteration 92
[datetime.datetime(2021, 4, 27, 1, 22, 59, 896988), 20.22319804743081, 16.57174647374344]
[I 210427 01:23:45 main:60] iteration 93
[datetime.datetime(2021, 4, 27, 1, 23, 46, 505942), 22.48729305916873, 18.54723184210247]
[I 210427 01:24:32 main:60] iteration 94
[datetime.datetime(2021, 4, 27, 1, 24, 33, 145147), 24.721347191389647, 20.59466300808383]
[I 210427 01:25:19 main:60] iteration 95
[datetime.datetime(2021, 4, 27, 1, 25, 19, 787217), 26.87440381779067, 22.67746772377669]
[I 210427 01:26:05 main:60] iteration 96
[datetime.datetime(2021, 4, 27, 1, 26, 6, 428272), 29.03514440700796, 24.896244430371578]
[I 210427 01:26:52 main:60] iteration 97
[datetime.datetime(2021, 4, 27, 1, 26, 53, 70083), 31.15082282317609, 27.21741421036142]
[I 210427 01:27:39 main:60] iteration 98
[datetime.datetime(2021, 4, 27, 1, 27, 39, 682795), 33.171920194812465, 29.599246315464725]
[I 210427 01:28:25 main:60] iteration 99
[datetime.datetime(2021, 4, 27, 1, 28, 26, 285924), 35.17958258435143, 32.15688578225687]
[I 210427 01:29:12 main:60] iteration 100
[datetime.datetime(2021, 4, 27, 1, 29, 12, 894000), 37.081124324755905, 34.793031443369145]
[I 210427 01:29:58 main:60] iteration 101
[datetime.datetime(2021, 4, 27, 1, 29, 59, 534699), 38.95096374212776, 37.63421596827061]
[I 210427 01:30:45 main:60] iteration 102
[datetime.datetime(2021, 4, 27, 1, 30, 46, 176272), 40.737761719570614, 40.63643244813888]
[I 210427 01:31:32 main:60] iteration 103
[datetime.datetime(2021, 4, 27, 1, 31, 32, 786622), 42.39636387648149, 43.741255444813675]
[I 210427 01:32:18 main:60] iteration 104
[datetime.datetime(2021, 4, 27, 1, 32, 19, 426903), 43.988040424809995, 47.092952213943995]
[I 210427 01:33:05 main:60] iteration 105
[datetime.datetime(2021, 4, 27, 1, 33, 6, 36193), 45.463873549720496, 50.63298461924824]
[I 210427 01:33:52 main:60] iteration 106
[datetime.datetime(2021, 4, 27, 1, 33, 52, 641598), 46.784128625716455, 54.283608032498755]
[I 210427 01:34:38 main:60] iteration 107
[datetime.datetime(2021, 4, 27, 1, 34, 39, 282603), 47.99351948619935, 58.202719351833295]
[I 210427 01:35:25 main:60] iteration 108
[datetime.datetime(2021, 4, 27, 1, 35, 25, 890984), 49.0281975228079, 62.21736111199422]
[I 210427 01:36:11 main:60] iteration 109
[datetime.datetime(2021, 4, 27, 1, 36, 12, 498667), 49.92078371901809, 66.48919364535197]
[I 210427 01:36:58 main:60] iteration 110
[datetime.datetime(2021, 4, 27, 1, 36, 59, 139665), 50.63544690244403, 70.91245147260891]
[I 210427 01:37:45 main:60] iteration 111
[datetime.datetime(2021, 4, 27, 1, 37, 45, 747121), 51.15290886415337, 75.36147960360431]
[I 210427 01:38:31 main:60] iteration 112
[datetime.datetime(2021, 4, 27, 1, 38, 32, 387319), 51.48786475614538, 79.99574929507962]
[I 210427 01:39:18 main:60] iteration 113
[datetime.datetime(2021, 4, 27, 1, 39, 19, 28011), 51.62179110539099, 84.67989985806354]
[I 210427 01:40:05 main:60] iteration 114
[datetime.datetime(2021, 4, 27, 1, 40, 5, 638243), 51.556125666710486, 89.27139890495623]
[I 210427 01:40:51 main:60] iteration 115
[datetime.datetime(2021, 4, 27, 1, 40, 52, 279512), 51.28908234563591, 93.92723150364127]
[I 210427 01:41:38 main:60] iteration 116
[datetime.datetime(2021, 4, 27, 1, 41, 38, 887310), 50.83605980365106, 98.40997344837984]
[I 210427 01:42:24 main:60] iteration 117
[datetime.datetime(2021, 4, 27, 1, 42, 25, 494697), 50.184316322859274, 102.87857690153649]
[I 210427 01:43:11 main:60] iteration 118
[datetime.datetime(2021, 4, 27, 1, 43, 12, 102420), 49.35102982902313, 107.20437475952652]
[I 210427 01:43:58 main:60] iteration 119
[datetime.datetime(2021, 4, 27, 1, 43, 58, 709229), 48.370446890641084, 111.27772882579288]
[I 210427 01:44:44 main:60] iteration 120
[datetime.datetime(2021, 4, 27, 1, 44, 45, 352549), 47.21205363759609, 115.26043945158399]
[I 210427 01:45:31 main:60] iteration 121
[datetime.datetime(2021, 4, 27, 1, 45, 31, 994078), 45.937458376201675, 118.97477828450697]
[I 210427 01:46:18 main:60] iteration 122
[datetime.datetime(2021, 4, 27, 1, 46, 18, 635324), 44.50398949961817, 122.57962918503463]
[I 210427 01:47:04 main:60] iteration 123
[datetime.datetime(2021, 4, 27, 1, 47, 5, 242278), 42.9505244446013, 125.99445056247421]
[I 210427 01:47:51 main:60] iteration 124
[datetime.datetime(2021, 4, 27, 1, 47, 51, 849777), 41.325537063690646, 129.1584264124559]
[I 210427 01:48:37 main:60] iteration 125
[datetime.datetime(2021, 4, 27, 1, 48, 38, 458718), 39.569495428080366, 132.21769546246128]
[I 210427 01:49:24 main:60] iteration 126
[datetime.datetime(2021, 4, 27, 1, 49, 25, 65209), 37.727086050415274, 135.11208374590257]
[I 210427 01:50:11 main:60] iteration 127
[datetime.datetime(2021, 4, 27, 1, 50, 11, 673275), 35.849456802295016, 137.7963617500959]
[I 210427 01:50:57 main:60] iteration 128
[datetime.datetime(2021, 4, 27, 1, 50, 58, 279264), 33.86351441431669, 140.39910095597767]
[I 210427 01:51:44 main:60] iteration 129
[datetime.datetime(2021, 4, 27, 1, 51, 44, 886703), 31.86128202516789, 142.82111335642085]
[I 210427 01:52:30 main:60] iteration 130
[datetime.datetime(2021, 4, 27, 1, 52, 31, 494553), 29.76267908192479, 145.1794137522862]
[I 210427 01:53:17 main:60] iteration 131
[datetime.datetime(2021, 4, 27, 1, 53, 18, 134922), 27.61700418246926, 147.43151836693616]
[I 210427 01:54:04 main:60] iteration 132
[datetime.datetime(2021, 4, 27, 1, 54, 4, 776065), 25.476941990964185, 149.5434538394391]
[I 210427 01:54:50 main:60] iteration 133
[datetime.datetime(2021, 4, 27, 1, 54, 51, 384258), 23.254548699203774, 151.6172768563734]
[I 210427 01:55:37 main:60] iteration 134
[datetime.datetime(2021, 4, 27, 1, 55, 37, 991282), 21.04888424826802, 153.57412605358206]
[I 210427 01:56:24 main:60] iteration 135
[datetime.datetime(2021, 4, 27, 1, 56, 24, 631651), 18.76825505609679, 155.50818973971954]
[I 210427 01:57:10 main:60] iteration 136
[datetime.datetime(2021, 4, 27, 1, 57, 11, 274156), 16.46419489997783, 157.38490715758562]
[I 210427 01:57:57 main:60] iteration 137
[datetime.datetime(2021, 4, 27, 1, 57, 57, 879813), 14.189926321471175, 159.17411619180547]
[I 210427 01:58:43 main:60] iteration 138
[datetime.datetime(2021, 4, 27, 1, 58, 44, 519754), 11.849837771254045, 160.96128982965266]
[I 210427 01:59:30 main:60] iteration 139
[datetime.datetime(2021, 4, 27, 1, 59, 31, 160272), 9.496279234220005, 162.71449010656823]
[I 210427 02:00:17 main:60] iteration 140
[datetime.datetime(2021, 4, 27, 2, 0, 17, 768337), 7.1825722896720485, 164.4043608694994]
[I 210427 02:01:03 main:60] iteration 141
[datetime.datetime(2021, 4, 27, 2, 1, 4, 410060), 4.8108633786923445, 166.1111568411939]
[I 210427 02:01:50 main:60] iteration 142
[datetime.datetime(2021, 4, 27, 2, 1, 51, 18157), 2.434039936684771, 167.80459296287185]
[I 210427 02:02:37 main:60] iteration 143
[datetime.datetime(2021, 4, 27, 2, 2, 37, 625899), 0.10535505429763845, 169.45536772299388]
[I 210427 02:03:23 main:60] iteration 144
[datetime.datetime(2021, 4, 27, 2, 3, 24, 234383), -2.273896973527125, 171.14167312717834]
[I 210427 02:04:10 main:60] iteration 145
[datetime.datetime(2021, 4, 27, 2, 4, 10, 873806), -4.600004766843473, 172.79796668014976]
[I 210427 02:04:56 main:60] iteration 146
[datetime.datetime(2021, 4, 27, 2, 4, 57, 514305), -6.9715356660179335, 174.50271359509324]
[I 210427 02:05:43 main:60] iteration 147
[datetime.datetime(2021, 4, 27, 2, 5, 44, 122039), -9.335208859439117, 176.22666700198278]
[I 210427 02:06:30 main:60] iteration 148
[datetime.datetime(2021, 4, 27, 2, 6, 30, 728239), -11.638317911716152, 177.93914569106673]
[I 210427 02:07:16 main:60] iteration 149
[datetime.datetime(2021, 4, 27, 2, 7, 17, 368962), -13.97814264587659, 179.72157917762993]
[I 210427 02:08:03 main:60] iteration 150
[datetime.datetime(2021, 4, 27, 2, 8, 4, 9404), -16.30141953922538, -178.4555489734547]
[I 210427 02:08:49 main:60] iteration 151
[datetime.datetime(2021, 4, 27, 2, 8, 49, 750989), -18.507288895836236, -176.66520612783262]
[I 210427 02:09:35 main:60] iteration 152
[datetime.datetime(2021, 4, 27, 2, 9, 36, 393696), -20.788411569174997, -174.74033587631797]
[I 210427 02:10:22 main:60] iteration 153
[datetime.datetime(2021, 4, 27, 2, 10, 23, 3195), -23.042462787738415, -172.75079739374164]
[I 210427 02:11:09 main:60] iteration 154
[datetime.datetime(2021, 4, 27, 2, 11, 9, 645377), -25.218301510116017, -170.73216230530105]
[I 210427 02:11:55 main:60] iteration 155
[datetime.datetime(2021, 4, 27, 2, 11, 56, 260134), -27.405990610703594, -168.58711407570186]
[I 210427 02:12:42 main:60] iteration 156
[datetime.datetime(2021, 4, 27, 2, 12, 42, 861046), -29.5075749315194, -166.3970958806073]
[I 210427 02:13:28 main:60] iteration 157
[datetime.datetime(2021, 4, 27, 2, 13, 29, 468715), -31.60887921457924, -164.05622612750386]
[I 210427 02:14:15 main:60] iteration 158
[datetime.datetime(2021, 4, 27, 2, 14, 16, 77432), -33.65750907875994, -161.59970761137376]
[I 210427 02:15:02 main:60] iteration 159
[datetime.datetime(2021, 4, 27, 2, 15, 2, 795835), -35.604860897927686, -159.07212780711885]
[I 210427 02:15:48 main:60] iteration 160
[datetime.datetime(2021, 4, 27, 2, 15, 49, 430740), -37.52803043233901, -156.35177274372947]
[I 210427 02:16:35 main:60] iteration 161
[datetime.datetime(2021, 4, 27, 2, 16, 36, 38346), -39.375497565084494, -153.48019729211603]
[I 210427 02:17:22 main:60] iteration 162
[datetime.datetime(2021, 4, 27, 2, 17, 22, 645644), -41.10132244380664, -150.51215224866533]
[I 210427 02:18:08 main:60] iteration 163
[datetime.datetime(2021, 4, 27, 2, 18, 9, 254745), -42.77045675241767, -147.30816515052572]
[I 210427 02:18:55 main:60] iteration 164
[datetime.datetime(2021, 4, 27, 2, 18, 55, 894742), -44.30125582467385, -143.9960561578248]
[I 210427 02:19:41 main:60] iteration 165
[datetime.datetime(2021, 4, 27, 2, 19, 42, 502290), -45.748593400367064, -140.42553378806562]
[I 210427 02:20:28 main:60] iteration 166
[datetime.datetime(2021, 4, 27, 2, 20, 29, 110780), -47.06553924971015, -136.66383442343778]
[I 210427 02:21:15 main:60] iteration 167
[datetime.datetime(2021, 4, 27, 2, 21, 15, 719275), -48.215852388967015, -132.79888991931603]
[I 210427 02:22:01 main:60] iteration 168
[datetime.datetime(2021, 4, 27, 2, 22, 2, 435671), -49.23695542460017, -128.6702727924751]
[I 210427 02:22:48 main:60] iteration 169
[datetime.datetime(2021, 4, 27, 2, 22, 49, 72982), -50.08994018400262, -124.37452093664395]
[I 210427 02:23:35 main:60] iteration 170
[datetime.datetime(2021, 4, 27, 2, 23, 35, 712296), -50.75113664660571, -120.02929119046523]
[I 210427 02:24:21 main:60] iteration 171
[datetime.datetime(2021, 4, 27, 2, 24, 22, 321550), -51.239846927003875, -115.47425169336208]
[I 210427 02:25:08 main:60] iteration 172
[datetime.datetime(2021, 4, 27, 2, 25, 8, 963428), -51.528238004329324, -110.93712778245185]
[I 210427 02:25:55 main:60] iteration 173
[datetime.datetime(2021, 4, 27, 2, 25, 55, 618831), -51.62431144519472, -106.260251370934]
[I 210427 02:26:41 main:60] iteration 174
[datetime.datetime(2021, 4, 27, 2, 26, 42, 209355), -51.518149814925216, -101.58444046892667]
[I 210427 02:27:28 main:60] iteration 175
[datetime.datetime(2021, 4, 27, 2, 27, 28, 829602), -51.220029133127085, -97.05032184125126]
[I 210427 02:28:14 main:60] iteration 176
[datetime.datetime(2021, 4, 27, 2, 28, 15, 480229), -50.721671210526274, -92.50020691053967]
[I 210427 02:29:01 main:60] iteration 177
[datetime.datetime(2021, 4, 27, 2, 29, 2, 190846), -50.034923010238174, -88.06847281852275]
[I 210427 02:29:48 main:60] iteration 178
[datetime.datetime(2021, 4, 27, 2, 29, 48, 809674), -49.18971100611119, -83.87326817746337]
[I 210427 02:30:34 main:60] iteration 179
[datetime.datetime(2021, 4, 27, 2, 30, 35, 426228), -48.16044589441987, -79.75322976821998]
[I 210427 02:31:21 main:60] iteration 180
[datetime.datetime(2021, 4, 27, 2, 31, 22, 67926), -46.975995469691284, -75.81534567395165]
[I 210427 02:32:08 main:60] iteration 181
[datetime.datetime(2021, 4, 27, 2, 32, 8, 682228), -45.678823017995384, -72.14477469323012]
[I 210427 02:32:54 main:60] iteration 182
[datetime.datetime(2021, 4, 27, 2, 32, 55, 291735), -44.22512995127948, -68.58350722979631]
[I 210427 02:33:41 main:60] iteration 183
[datetime.datetime(2021, 4, 27, 2, 33, 41, 936991), -42.68867206729594, -65.28021601131387]
[I 210427 02:34:27 main:60] iteration 184
[datetime.datetime(2021, 4, 27, 2, 34, 28, 577290), -41.0142990035915, -62.08485544209597]
[I 210427 02:35:14 main:60] iteration 185
[datetime.datetime(2021, 4, 27, 2, 35, 15, 181903), -39.245276593463615, -59.06218937585268]
[I 210427 02:36:01 main:60] iteration 186
[datetime.datetime(2021, 4, 27, 2, 36, 1, 900234), -37.4320731046895, -56.26078045758278]
[I 210427 02:36:47 main:60] iteration 187
[datetime.datetime(2021, 4, 27, 2, 36, 48, 531092), -35.50503768320795, -53.5474229229981]
[I 210427 02:37:34 main:60] iteration 188
[datetime.datetime(2021, 4, 27, 2, 37, 35, 171128), -33.51120642673826, -50.97268749271341]
[I 210427 02:38:21 main:60] iteration 189
[datetime.datetime(2021, 4, 27, 2, 38, 21, 778912), -31.50248535787795, -48.575403792160245]
[I 210427 02:39:07 main:60] iteration 190
[datetime.datetime(2021, 4, 27, 2, 39, 8, 419614), -29.39832947083963, -46.23976596396102]
[I 210427 02:39:54 main:60] iteration 191
[datetime.datetime(2021, 4, 27, 2, 39, 55, 62181), -27.248035655957878, -44.00785138849761]
[I 210427 02:40:41 main:60] iteration 192
[datetime.datetime(2021, 4, 27, 2, 40, 41, 704424), -25.10420661512554, -41.9134421814049]
[I 210427 02:41:27 main:60] iteration 193
[datetime.datetime(2021, 4, 27, 2, 41, 28, 312949), -22.878615087286274, -39.85540373164251]
[I 210427 02:42:14 main:60] iteration 194
[datetime.datetime(2021, 4, 27, 2, 42, 14, 955974), -20.670351749371328, -37.91205781842297]
[I 210427 02:43:00 main:60] iteration 195
[datetime.datetime(2021, 4, 27, 2, 43, 1, 640742), -18.3875129910036, -35.98993330295467]
[I 210427 02:43:47 main:60] iteration 196
[datetime.datetime(2021, 4, 27, 2, 43, 48, 268650), -16.081618929092492, -34.12340994242485]
[I 210427 02:44:34 main:60] iteration 197
[datetime.datetime(2021, 4, 27, 2, 44, 34, 919218), -13.805851124063018, -32.34259521069493]
[I 210427 02:45:20 main:60] iteration 198
[datetime.datetime(2021, 4, 27, 2, 45, 21, 529767), -11.464476790734633, -30.562473743165775]
[I 210427 02:46:07 main:60] iteration 199
[datetime.datetime(2021, 4, 27, 2, 46, 8, 172680), -9.109837376264437, -28.814846900612952]
[I 210427 02:46:54 main:60] iteration 200
[datetime.datetime(2021, 4, 27, 2, 46, 54, 813831), -6.79523695759568, -27.12906912854189]
[I 210427 02:47:40 main:60] iteration 201
[datetime.datetime(2021, 4, 27, 2, 47, 41, 390059), -4.422757942787057, -25.42511110044754]
[I 210427 02:48:27 main:60] iteration 202
[datetime.datetime(2021, 4, 27, 2, 48, 28, 996), -2.045290115119975, -23.733192988312634]
[I 210427 02:49:14 main:60] iteration 203
[datetime.datetime(2021, 4, 27, 2, 49, 14, 643836), 0.28391220745763895, -22.0826214263184]
[I 210427 02:50:00 main:60] iteration 204
[datetime.datetime(2021, 4, 27, 2, 50, 1, 285871), 2.663577408366335, -20.3952351446978]
[I 210427 02:50:47 main:60] iteration 205
[datetime.datetime(2021, 4, 27, 2, 50, 47, 895475), 4.989969721750296, -18.73660908212483]
[I 210427 02:51:33 main:60] iteration 206
[datetime.datetime(2021, 4, 27, 2, 51, 34, 491145), 7.36165387329426, -17.02815508200932]
[I 210427 02:52:20 main:60] iteration 207
[datetime.datetime(2021, 4, 27, 2, 52, 21, 83468), 9.725317675205334, -15.29910464645164]
[I 210427 02:53:07 main:60] iteration 208
[datetime.datetime(2021, 4, 27, 2, 53, 7, 712987), 12.028226944449147, -13.580249975777496]
[I 210427 02:53:53 main:60] iteration 209
[datetime.datetime(2021, 4, 27, 2, 53, 54, 344321), 14.367613692729057, -11.789811507507034]
[I 210427 02:54:40 main:60] iteration 210
[datetime.datetime(2021, 4, 27, 2, 54, 40, 975291), 16.640943120224836, -9.99683391641262]
[I 210427 02:55:27 main:60] iteration 211
[datetime.datetime(2021, 4, 27, 2, 55, 27, 610039), 18.94376530455673, -8.115639309545614]
[I 210427 02:56:13 main:60] iteration 212
[datetime.datetime(2021, 4, 27, 2, 56, 14, 250580), 21.22285258152283, -6.17643761360498]
[I 210427 02:57:00 main:60] iteration 213
[datetime.datetime(2021, 4, 27, 2, 57, 0, 848112), 23.426681419119145, -4.213881793344782]
[I 210427 02:57:46 main:60] iteration 214
[datetime.datetime(2021, 4, 27, 2, 57, 47, 484949), 25.64683611637908, -2.1334872806552916]
[I 210427 02:58:33 main:60] iteration 215
[datetime.datetime(2021, 4, 27, 2, 58, 34, 89843), 27.830351971383777, 0.0327097392496047]
[I 210427 02:59:20 main:60] iteration 216
[datetime.datetime(2021, 4, 27, 2, 59, 20, 693499), 29.926897320139407, 2.245967689680708]
[I 210427 03:00:06 main:60] iteration 217
[datetime.datetime(2021, 4, 27, 3, 0, 7, 299369), 32.02191099897367, 4.61335949421814]
[I 210427 03:00:53 main:60] iteration 218
[datetime.datetime(2021, 4, 27, 3, 0, 53, 941417), 34.02009308594465, 7.045167239704787]
[I 210427 03:01:39 main:60] iteration 219
[datetime.datetime(2021, 4, 27, 3, 1, 40, 546505), 36.00128849244982, 9.658851396844648]
[I 210427 03:02:26 main:60] iteration 220
[datetime.datetime(2021, 4, 27, 3, 2, 27, 154411), 37.91352289399995, 12.41498811374841]
[I 210427 03:03:13 main:60] iteration 221
[datetime.datetime(2021, 4, 27, 3, 3, 13, 758440), 39.709862645713294, 15.26200135133284]
[I 210427 03:03:59 main:60] iteration 222
[datetime.datetime(2021, 4, 27, 3, 4, 0, 365786), 41.458920412897236, 18.33498712873891]
[I 210427 03:04:46 main:60] iteration 223
[datetime.datetime(2021, 4, 27, 3, 4, 47, 4879), 43.110251833436635, 21.58415251314358]
[I 210427 03:05:33 main:60] iteration 224
[datetime.datetime(2021, 4, 27, 3, 5, 33, 645478), 44.620864281600845, 24.943003905429485]
[I 210427 03:06:19 main:60] iteration 225
[datetime.datetime(2021, 4, 27, 3, 6, 20, 278805), 46.04450793106328, 28.563231269326145]
[I 210427 03:07:06 main:60] iteration 226
